c:\users\leith_000\documents\visual studio 2015\projects\project4\project4\debug\vc140.pdb
c:\users\leith_000\documents\visual studio 2015\projects\project4\project4\debug\vc140.idb
c:\users\leith_000\documents\visual studio 2015\projects\project4\project4\debug\animator.obj
c:\users\leith_000\documents\visual studio 2015\projects\project4\project4\debug\cube.obj
c:\users\leith_000\documents\visual studio 2015\projects\project4\project4\debug\dodecahedron.obj
c:\users\leith_000\documents\visual studio 2015\projects\project4\project4\debug\lexer.obj
c:\users\leith_000\documents\visual studio 2015\projects\project4\project4\debug\parser.obj
c:\users\leith_000\documents\visual studio 2015\projects\project4\project4\debug\polyhedron.obj
c:\users\leith_000\documents\visual studio 2015\projects\project4\project4\debug\project4.obj
c:\users\leith_000\documents\visual studio 2015\projects\project4\project4\debug\scene.obj
c:\users\leith_000\documents\visual studio 2015\projects\project4\project4\debug\tetrahedron.obj
c:\users\leith_000\documents\visual studio 2015\projects\project4\project4\debug\transformation.obj
c:\users\leith_000\documents\visual studio 2015\projects\project4\project4\debug\translation.obj
c:\users\leith_000\documents\visual studio 2015\projects\project4\project4\debug\scaling.obj
c:\users\leith_000\documents\visual studio 2015\projects\project4\project4\debug\rotation.obj
c:\users\leith_000\documents\visual studio 2015\projects\project4\debug\project4.ilk
c:\users\leith_000\documents\visual studio 2015\projects\project4\debug\project4.exe
c:\users\leith_000\documents\visual studio 2015\projects\project4\debug\project4.pdb
c:\users\leith_000\documents\visual studio 2015\projects\project4\project4\debug\project4.tlog\cl.command.1.tlog
c:\users\leith_000\documents\visual studio 2015\projects\project4\project4\debug\project4.tlog\cl.read.1.tlog
c:\users\leith_000\documents\visual studio 2015\projects\project4\project4\debug\project4.tlog\cl.write.1.tlog
c:\users\leith_000\documents\visual studio 2015\projects\project4\project4\debug\project4.tlog\link.command.1.tlog
c:\users\leith_000\documents\visual studio 2015\projects\project4\project4\debug\project4.tlog\link.read.1.tlog
c:\users\leith_000\documents\visual studio 2015\projects\project4\project4\debug\project4.tlog\link.write.1.tlog
